Release 14.7 - xst P.20131013 (lin64)
Copyright (c) 1995-2013 Xilinx, Inc.  All rights reserved.
--> 
Parameter TMPDIR set to xst/projnav.tmp


Total REAL time to Xst completion: 0.00 secs
Total CPU time to Xst completion: 0.04 secs
 
--> 
Parameter xsthdpdir set to xst


Total REAL time to Xst completion: 0.00 secs
Total CPU time to Xst completion: 0.04 secs
 
--> 
Reading design: tst1.prj

TABLE OF CONTENTS
  1) Synthesis Options Summary
  2) HDL Parsing
  3) HDL Elaboration
  4) HDL Synthesis
       4.1) HDL Synthesis Report
  5) Advanced HDL Synthesis
       5.1) Advanced HDL Synthesis Report
  6) Low Level Synthesis
  7) Partition Report
  8) Design Summary
       8.1) Primitive and Black Box Usage
       8.2) Device utilization summary
       8.3) Partition Resource Summary
       8.4) Timing Report
            8.4.1) Clock Information
            8.4.2) Asynchronous Control Signals Information
            8.4.3) Timing Summary
            8.4.4) Timing Details
            8.4.5) Cross Clock Domains Report


=========================================================================
*                      Synthesis Options Summary                        *
=========================================================================
---- Source Parameters
Input File Name                    : "tst1.prj"
Ignore Synthesis Constraint File   : NO

---- Target Parameters
Output File Name                   : "tst1"
Output Format                      : NGC
Target Device                      : xc6slx9-3-tqg144

---- Source Options
Top Module Name                    : tst1
Automatic FSM Extraction           : YES
FSM Encoding Algorithm             : Auto
Safe Implementation                : No
FSM Style                          : LUT
RAM Extraction                     : Yes
RAM Style                          : Auto
ROM Extraction                     : Yes
Shift Register Extraction          : YES
ROM Style                          : Auto
Resource Sharing                   : YES
Asynchronous To Synchronous        : NO
Shift Register Minimum Size        : 2
Use DSP Block                      : Auto
Automatic Register Balancing       : No

---- Target Options
LUT Combining                      : Auto
Reduce Control Sets                : Auto
Add IO Buffers                     : YES
Global Maximum Fanout              : 100000
Add Generic Clock Buffer(BUFG)     : 16
Register Duplication               : YES
Optimize Instantiated Primitives   : NO
Use Clock Enable                   : Auto
Use Synchronous Set                : Auto
Use Synchronous Reset              : Auto
Pack IO Registers into IOBs        : Auto
Equivalent register Removal        : YES

---- General Options
Optimization Goal                  : Speed
Optimization Effort                : 1
Power Reduction                    : NO
Keep Hierarchy                     : No
Netlist Hierarchy                  : As_Optimized
RTL Output                         : Yes
Global Optimization                : AllClockNets
Read Cores                         : YES
Write Timing Constraints           : NO
Cross Clock Analysis               : NO
Hierarchy Separator                : /
Bus Delimiter                      : <>
Case Specifier                     : Maintain
Slice Utilization Ratio            : 100
BRAM Utilization Ratio             : 100
DSP48 Utilization Ratio            : 100
Auto BRAM Packing                  : NO
Slice Utilization Ratio Delta      : 5

=========================================================================


=========================================================================
*                          HDL Parsing                                  *
=========================================================================
Analyzing Verilog file "/home/lusius/Devel/STM32_Devel/FPGA/tst1/tst/tst1.vf" into library work
Parsing module <CB4CLED_HXILINX_tst1>.
Parsing module <tst1>.

=========================================================================
*                            HDL Elaboration                            *
=========================================================================

Elaborating module <tst1>.

Elaborating module <CB4CLED_HXILINX_tst1>.
WARNING:HDLCompiler:413 - "/home/lusius/Devel/STM32_Devel/FPGA/tst1/tst/tst1.vf" Line 59: Result of 5-bit expression is truncated to fit in 4-bit target.
WARNING:HDLCompiler:413 - "/home/lusius/Devel/STM32_Devel/FPGA/tst1/tst/tst1.vf" Line 61: Result of 32-bit expression is truncated to fit in 4-bit target.

Elaborating module <PULLDOWN>.

=========================================================================
*                           HDL Synthesis                               *
=========================================================================

Synthesizing Unit <tst1>.
    Related source file is "/home/lusius/Devel/STM32_Devel/FPGA/tst1/tst/tst1.vf".
    Set property "HU_SET = XLXI_1_0" for instance <XLXI_1>.
INFO:Xst:3210 - "/home/lusius/Devel/STM32_Devel/FPGA/tst1/tst/tst1.vf" line 94: Output port <CEO> of the instance <XLXI_1> is unconnected or connected to loadless signal.
INFO:Xst:3210 - "/home/lusius/Devel/STM32_Devel/FPGA/tst1/tst/tst1.vf" line 94: Output port <TC> of the instance <XLXI_1> is unconnected or connected to loadless signal.
    Summary:
	no macro.
Unit <tst1> synthesized.

Synthesizing Unit <CB4CLED_HXILINX_tst1>.
    Related source file is "/home/lusius/Devel/STM32_Devel/FPGA/tst1/tst/tst1.vf".
        TERMINAL_COUNT_UP = 4'b1111
        TERMINAL_COUNT_DOWN = 4'b0000
    Found 1-bit register for signal <Q1>.
    Found 1-bit register for signal <Q2>.
    Found 1-bit register for signal <Q3>.
    Found 1-bit register for signal <Q0>.
    Found 4-bit adder for signal <Q3_GND_2_o_add_0_OUT> created at line 59.
    Found 4-bit subtractor for signal <GND_2_o_GND_2_o_sub_2_OUT<3:0>> created at line 61.
    Summary:
	inferred   2 Adder/Subtractor(s).
	inferred   4 D-type flip-flop(s).
	inferred   9 Multiplexer(s).
Unit <CB4CLED_HXILINX_tst1> synthesized.

=========================================================================
HDL Synthesis Report

Macro Statistics
# Adders/Subtractors                                   : 2
 4-bit adder                                           : 1
 4-bit subtractor                                      : 1
# Registers                                            : 4
 1-bit register                                        : 4
# Multiplexers                                         : 9
 1-bit 2-to-1 multiplexer                              : 9

=========================================================================

=========================================================================
*                       Advanced HDL Synthesis                          *
=========================================================================


=========================================================================
Advanced HDL Synthesis Report

Macro Statistics
# Adders/Subtractors                                   : 2
 4-bit adder                                           : 1
 4-bit subtractor                                      : 1
# Registers                                            : 4
 Flip-Flops                                            : 4
# Multiplexers                                         : 9
 1-bit 2-to-1 multiplexer                              : 9

=========================================================================

=========================================================================
*                         Low Level Synthesis                           *
=========================================================================

Optimizing unit <tst1> ...

Optimizing unit <CB4CLED_HXILINX_tst1> ...

Mapping all equations...
Building and optimizing final netlist ...
Found area constraint ratio of 100 (+ 5) on block tst1, actual ratio is 0.

Final Macro Processing ...

=========================================================================
Final Register Report

Macro Statistics
# Registers                                            : 4
 Flip-Flops                                            : 4

=========================================================================

=========================================================================
*                           Partition Report                            *
=========================================================================

Partition Implementation Status
-------------------------------

  No Partitions were found in this design.

-------------------------------

=========================================================================
*                            Design Summary                             *
=========================================================================

Top Level Output File Name         : tst1.ngc

Primitive and Black Box Usage:
------------------------------
# BELS                             : 6
#      LUT2                        : 1
#      LUT3                        : 2
#      LUT5                        : 1
#      LUT6                        : 2
# FlipFlops/Latches                : 4
#      FDCE                        : 4
# Clock Buffers                    : 1
#      BUFGP                       : 1
# IO Buffers                       : 8
#      IBUF                        : 4
#      OBUF                        : 4
# Others                           : 1
#      PULLDOWN                    : 1

Device utilization summary:
---------------------------

Selected Device : 6slx9tqg144-3 


Slice Logic Utilization: 
 Number of Slice Registers:               4  out of  11440     0%  
 Number of Slice LUTs:                    6  out of   5720     0%  
    Number used as Logic:                 6  out of   5720     0%  

Slice Logic Distribution: 
 Number of LUT Flip Flop pairs used:     10
   Number with an unused Flip Flop:       6  out of     10    60%  
   Number with an unused LUT:             4  out of     10    40%  
   Number of fully used LUT-FF pairs:     0  out of     10     0%  
   Number of unique control sets:         1

IO Utilization: 
 Number of IOs:                           9
 Number of bonded IOBs:                   9  out of    102     8%  

Specific Feature Utilization:
 Number of BUFG/BUFGCTRLs:                1  out of     16     6%  

---------------------------
Partition Resource Summary:
---------------------------

  No Partitions were found in this design.

---------------------------


=========================================================================
Timing Report

NOTE: THESE TIMING NUMBERS ARE ONLY A SYNTHESIS ESTIMATE.
      FOR ACCURATE TIMING INFORMATION PLEASE REFER TO THE TRACE REPORT
      GENERATED AFTER PLACE-and-ROUTE.

Clock Information:
------------------
-----------------------------------+------------------------+-------+
Clock Signal                       | Clock buffer(FF name)  | Load  |
-----------------------------------+------------------------+-------+
clk                                | BUFGP                  | 4     |
-----------------------------------+------------------------+-------+

Asynchronous Control Signals Information:
----------------------------------------
No asynchronous control signals found in this design

Timing Summary:
---------------
Speed Grade: -3

   Minimum period: 2.418ns (Maximum Frequency: 413.548MHz)
   Minimum input arrival time before clock: 3.421ns
   Maximum output required time after clock: 3.732ns
   Maximum combinational path delay: No path found

Timing Details:
---------------
All values displayed in nanoseconds (ns)

=========================================================================
Timing constraint: Default period analysis for Clock 'clk'
  Clock period: 2.418ns (frequency: 413.548MHz)
  Total number of paths / destination ports: 10 / 4
-------------------------------------------------------------------------
Delay:               2.418ns (Levels of Logic = 2)
  Source:            XLXI_1/Q2 (FF)
  Destination:       XLXI_1/Q3 (FF)
  Source Clock:      clk rising
  Destination Clock: clk rising

  Data Path: XLXI_1/Q2 to XLXI_1/Q3
                                Gate     Net
    Cell:in->out      fanout   Delay   Delay  Logical Name (Net Name)
    ----------------------------------------  ------------
     FDCE:C->Q             3   0.447   0.879  Q2 (Q2)
     LUT6:I3->O            1   0.205   0.580  Q3_D3_MUX_16_o1 (Q3_D3_MUX_16_o1)
     LUT3:I2->O            1   0.205   0.000  Q3_D3_MUX_16_o2 (Q3_D3_MUX_16_o)
     FDCE:D                    0.102          Q3
    ----------------------------------------
    Total                      2.418ns (0.959ns logic, 1.459ns route)
                                       (39.7% logic, 60.3% route)

=========================================================================
Timing constraint: Default OFFSET IN BEFORE for Clock 'clk'
  Total number of paths / destination ports: 20 / 12
-------------------------------------------------------------------------
Offset:              3.421ns (Levels of Logic = 4)
  Source:            load (PAD)
  Destination:       XLXI_1/Q3 (FF)
  Destination Clock: clk rising

  Data Path: load to XLXI_1/Q3
                                Gate     Net
    Cell:in->out      fanout   Delay   Delay  Logical Name (Net Name)
    ----------------------------------------  ------------
     IBUF:I->O             6   1.222   1.109  load_IBUF (load_IBUF)
     begin scope: 'XLXI_1:L'
     LUT6:I0->O            1   0.203   0.580  Q3_D3_MUX_16_o1 (Q3_D3_MUX_16_o1)
     LUT3:I2->O            1   0.205   0.000  Q3_D3_MUX_16_o2 (Q3_D3_MUX_16_o)
     FDCE:D                    0.102          Q3
    ----------------------------------------
    Total                      3.421ns (1.732ns logic, 1.689ns route)
                                       (50.6% logic, 49.4% route)

=========================================================================
Timing constraint: Default OFFSET OUT AFTER for Clock 'clk'
  Total number of paths / destination ports: 4 / 4
-------------------------------------------------------------------------
Offset:              3.732ns (Levels of Logic = 2)
  Source:            XLXI_1/Q0 (FF)
  Destination:       XLXN_10 (PAD)
  Source Clock:      clk rising

  Data Path: XLXI_1/Q0 to XLXN_10
                                Gate     Net
    Cell:in->out      fanout   Delay   Delay  Logical Name (Net Name)
    ----------------------------------------  ------------
     FDCE:C->Q             5   0.447   0.714  Q0 (Q0)
     end scope: 'XLXI_1:Q0'
     OBUF:I->O                 2.571          XLXN_10_OBUF (XLXN_10)
    ----------------------------------------
    Total                      3.732ns (3.018ns logic, 0.714ns route)
                                       (80.9% logic, 19.1% route)

=========================================================================

Cross Clock Domains Report:
--------------------------

Clock to Setup on destination clock clk
---------------+---------+---------+---------+---------+
               | Src:Rise| Src:Fall| Src:Rise| Src:Fall|
Source Clock   |Dest:Rise|Dest:Rise|Dest:Fall|Dest:Fall|
---------------+---------+---------+---------+---------+
clk            |    2.418|         |         |         |
---------------+---------+---------+---------+---------+

=========================================================================


Total REAL time to Xst completion: 3.00 secs
Total CPU time to Xst completion: 3.30 secs
 
--> 


Total memory usage is 384976 kilobytes

Number of errors   :    0 (   0 filtered)
Number of warnings :    2 (   0 filtered)
Number of infos    :    2 (   0 filtered)

