iMPACT Version: 14.7

iMPACT log file Started on Wed Jul 18 19:09:28 2018

Welcome to iMPACT
iMPACT Version: 14.7
Project: /home/trurl/STM32_Devel/FPGA/CNC/step_driver_control//auto_project.ipfcreated.
// *** BATCH CMD : setMode -bs
Enumerating cables. Please wait.
PROGRESS_START - Starting Operation.
If you are using the Platform Cable USB, please refer to the USB CableInstallation Guide (UG344) to install the libusb package.
Connecting to cable (Usb Port - USB21).
Checking cable driver.
 Linux release = 4.9.0-6-amd64.
WARNING:iMPACT -  Module windrvr6 is not loaded. Please reinstall the cable   drivers. See Answer Record 22648.
INFO:Cse - The fxload application is not installed. This application is required   when using the Platform Cable USB. This warning should be ignored if you are   using the Parallel Cable III or Parallel Cable IV. Please download and   install the fxload-2002_04_11 package. Note that root access is required to   perform the installation.
PROGRESS_END - End Operation.
Elapsed time =      0 sec.
 parport0: baseAddress=0x378, ecpAddress=0x0
WARNING:iMPACT - The cable selected is not avaliable, please select a different   one.
Enumerating cables. Please wait.
PROGRESS_START - Starting Operation.
If you are using the Platform Cable USB, please refer to the USB CableInstallation Guide (UG344) to install the libusb package.
Connecting to cable (Usb Port - USB21).
Checking cable driver.
 Linux release = 4.9.0-6-amd64.
WARNING:iMPACT -  Module windrvr6 is not loaded. Please reinstall the cable   drivers. See Answer Record 22648.
INFO:Cse - The fxload application is not installed. This application is required   when using the Platform Cable USB. This warning should be ignored if you are   using the Parallel Cable III or Parallel Cable IV. Please download and   install the fxload-2002_04_11 package. Note that root access is required to   perform the installation.
PROGRESS_END - End Operation.
Elapsed time =      0 sec.
INFO:iMPACT - User_EnvOsname: 'Debian'
INFO:iMPACT - User_EnvOsrelease: 'Debian GNU/Linux 9.5 (stretch)'
// *** BATCH CMD : setMode -bs
INFO:iMPACT - Launching WebTalk, please refer to the webtalk log at   /home/trurl/STM32_Devel/FPGA/CNC/step_driver_control/webtalk.log for details.
INFO:iMPACT - Running wbtc successfully.
// *** BATCH CMD : setMode -bs
// *** BATCH CMD : setMode -ss
// *** BATCH CMD : setMode -sm
// *** BATCH CMD : setMode -hw140
// *** BATCH CMD : setMode -spi
// *** BATCH CMD : setMode -acecf
// *** BATCH CMD : setMode -acempm
// *** BATCH CMD : setMode -pff
